# JRE version: Java(TM) SE Runtime Environment (17.0.11+7) (build 17.0.11+7-LTS-207)
# Java VM: Java HotSpot(TM) 64-Bit Server VM (17.0.11+7-LTS-207, mixed mode, sharing, tiered, compressed oops, compressed class ptrs, g1 gc, windows-amd64)
GC Precious Log:
 CPUs: 4 total, 4 available
 Memory: 11210M
 Large Page Support: Disabled
 NUMA Support: Disabled
 Compressed Oops: Enabled (32-bit)
 Heap Region Size: 1M
 Heap Min Capacity: 8M
 Heap Initial Capacity: 176M
 Heap Max Capacity: 2G
 Pre-touch: Disabled
 Parallel Workers: 4
 Concurrent Workers: 1
 Concurrent Refinement Workers: 4
 Periodic GC: Disabled
Heap:
 garbage-first heap   total 140288K, used 88531K [0x0000000080000000, 0x0000000100000000)
  region size 1024K, 2 young (2048K), 1 survivors (1024K)
 Metaspace       used 76383K, committed 77184K, reserved 557056K
  class space    used 10699K, committed 11072K, reserved 425984K
GC Heap History (20 events):
Event: 61.884 GC heap before
{Heap before GC invocations=28 (full 0):
 garbage-first heap   total 115712K, used 91278K [0x0000000080000000, 0x0000000100000000)
  region size 1024K, 34 young (34816K), 3 survivors (3072K)
 Metaspace       used 62298K, committed 62976K, reserved 491520K
  class space    used 8822K, committed 9088K, reserved 425984K
}
Event: 61.893 GC heap after
{Heap after GC invocations=29 (full 0):
 garbage-first heap   total 115712K, used 63567K [0x0000000080000000, 0x0000000100000000)
  region size 1024K, 5 young (5120K), 5 survivors (5120K)
 Metaspace       used 62298K, committed 62976K, reserved 491520K
  class space    used 8822K, committed 9088K, reserved 425984K
}
Event: 63.328 GC heap before
{Heap before GC invocations=30 (full 0):
 garbage-first heap   total 115712K, used 92239K [0x0000000080000000, 0x0000000100000000)
  region size 1024K, 33 young (33792K), 5 survivors (5120K)
 Metaspace       used 63467K, committed 64128K, reserved 491520K
  class space    used 8980K, committed 9344K, reserved 425984K
}
Event: 63.340 GC heap after
{Heap after GC invocations=31 (full 0):
 garbage-first heap   total 115712K, used 67560K [0x0000000080000000, 0x0000000100000000)
  region size 1024K, 4 young (4096K), 4 survivors (4096K)
 Metaspace       used 63467K, committed 64128K, reserved 491520K
  class space    used 8980K, committed 9344K, reserved 425984K
}
Event: 65.063 GC heap before
{Heap before GC invocations=31 (full 0):
 garbage-first heap   total 115712K, used 93160K [0x0000000080000000, 0x0000000100000000)
  region size 1024K, 30 young (30720K), 4 survivors (4096K)
 Metaspace       used 65140K, committed 65792K, reserved 491520K
  class space    used 9223K, committed 9536K, reserved 425984K
}
Event: 65.072 GC heap after
{Heap after GC invocations=32 (full 0):
 garbage-first heap   total 115712K, used 69556K [0x0000000080000000, 0x0000000100000000)
  region size 1024K, 3 young (3072K), 3 survivors (3072K)
 Metaspace       used 65140K, committed 65792K, reserved 491520K
  class space    used 9223K, committed 9536K, reserved 425984K
}
Event: 66.921 GC heap before
{Heap before GC invocations=33 (full 0):
 garbage-first heap   total 122880K, used 93108K [0x0000000080000000, 0x0000000100000000)
  region size 1024K, 27 young (27648K), 3 survivors (3072K)
 Metaspace       used 67072K, committed 67776K, reserved 491520K
  class space    used 9586K, committed 9920K, reserved 425984K
}
Event: 66.930 GC heap after
{Heap after GC invocations=34 (full 0):
 garbage-first heap   total 122880K, used 71595K [0x0000000080000000, 0x0000000100000000)
  region size 1024K, 4 young (4096K), 4 survivors (4096K)
 Metaspace       used 67072K, committed 67776K, reserved 491520K
  class space    used 9586K, committed 9920K, reserved 425984K
}
Event: 67.906 GC heap before
{Heap before GC invocations=34 (full 0):
 garbage-first heap   total 122880K, used 100267K [0x0000000080000000, 0x0000000100000000)
  region size 1024K, 33 young (33792K), 4 survivors (4096K)
 Metaspace       used 69707K, committed 70464K, reserved 491520K
  class space    used 9872K, committed 10240K, reserved 425984K
}
Event: 67.918 GC heap after
{Heap after GC invocations=35 (full 0):
 garbage-first heap   total 122880K, used 74536K [0x0000000080000000, 0x0000000100000000)
  region size 1024K, 5 young (5120K), 5 survivors (5120K)
 Metaspace       used 69707K, committed 70464K, reserved 491520K
  class space    used 9872K, committed 10240K, reserved 425984K
}
Event: 130.922 GC heap before
{Heap before GC invocations=36 (full 0):
 garbage-first heap   total 132096K, used 100136K [0x0000000080000000, 0x0000000100000000)
  region size 1024K, 31 young (31744K), 5 survivors (5120K)
 Metaspace       used 72196K, committed 73024K, reserved 491520K
  class space    used 10231K, committed 10624K, reserved 425984K
}
Event: 130.934 GC heap after
{Heap after GC invocations=37 (full 0):
 garbage-first heap   total 132096K, used 75941K [0x0000000080000000, 0x0000000100000000)
  region size 1024K, 2 young (2048K), 2 survivors (2048K)
 Metaspace       used 72196K, committed 73024K, reserved 491520K
  class space    used 10231K, committed 10624K, reserved 425984K
}
Event: 131.151 GC heap before
{Heap before GC invocations=37 (full 0):
 garbage-first heap   total 132096K, used 79013K [0x0000000080000000, 0x0000000100000000)
  region size 1024K, 6 young (6144K), 2 survivors (2048K)
 Metaspace       used 72226K, committed 73024K, reserved 491520K
  class space    used 10232K, committed 10624K, reserved 425984K
}
Event: 131.155 GC heap after
{Heap after GC invocations=38 (full 0):
 garbage-first heap   total 132096K, used 76061K [0x0000000080000000, 0x0000000100000000)
  region size 1024K, 1 young (1024K), 1 survivors (1024K)
 Metaspace       used 72226K, committed 73024K, reserved 491520K
  class space    used 10232K, committed 10624K, reserved 425984K
}
Event: 131.604 GC heap before
{Heap before GC invocations=38 (full 0):
 garbage-first heap   total 132096K, used 85277K [0x0000000080000000, 0x0000000100000000)
  region size 1024K, 11 young (11264K), 1 survivors (1024K)
 Metaspace       used 72379K, committed 73152K, reserved 491520K
  class space    used 10256K, committed 10624K, reserved 425984K
}
Event: 131.608 GC heap after
{Heap after GC invocations=39 (full 0):
 garbage-first heap   total 132096K, used 76893K [0x0000000080000000, 0x0000000100000000)
  region size 1024K, 2 young (2048K), 2 survivors (2048K)
 Metaspace       used 72379K, committed 73152K, reserved 491520K
  class space    used 10256K, committed 10624K, reserved 425984K
}
Event: 132.864 GC heap before
{Heap before GC invocations=40 (full 0):
 garbage-first heap   total 140288K, used 110685K [0x0000000080000000, 0x0000000100000000)
  region size 1024K, 30 young (30720K), 2 survivors (2048K)
 Metaspace       used 73846K, committed 74624K, reserved 491520K
  class space    used 10439K, committed 10816K, reserved 425984K
}
Event: 132.871 GC heap after
{Heap after GC invocations=41 (full 0):
 garbage-first heap   total 140288K, used 88409K [0x0000000080000000, 0x0000000100000000)
  region size 1024K, 4 young (4096K), 4 survivors (4096K)
 Metaspace       used 73846K, committed 74624K, reserved 491520K
  class space    used 10439K, committed 10816K, reserved 425984K
}
Event: 132.941 GC heap before
{Heap before GC invocations=41 (full 0):
 garbage-first heap   total 140288K, used 90457K [0x0000000080000000, 0x0000000100000000)
  region size 1024K, 6 young (6144K), 4 survivors (4096K)
 Metaspace       used 74003K, committed 74880K, reserved 491520K
  class space    used 10463K, committed 10880K, reserved 425984K
}
Event: 132.946 GC heap after
{Heap after GC invocations=42 (full 0):
 garbage-first heap   total 140288K, used 88178K [0x0000000080000000, 0x0000000100000000)
  region size 1024K, 1 young (1024K), 1 survivors (1024K)
 Metaspace       used 74003K, committed 74880K, reserved 491520K
  class space    used 10463K, committed 10880K, reserved 425984K
}

